<?xml version="1.0" encoding="UTF-8"?>
<!-- Generated by org.testng.reporters.JUnitXMLReporter -->
<testsuite ignored="0" hostname="APL-PG0298XV" failures="0" tests="4" name="Test" time="138.292" errors="0" timestamp="2022-04-18T10:04:21 GMT-07:00">
  <testcase classname="com.qa.tests.LoginPageTest" name="loginPageTitleTest" time="0.179"/>
  <testcase classname="com.qa.tests.LoginPageTest" name="loginTest" time="1.626"/>
  <testcase classname="com.qa.tests.HomePageTest" name="verifyUserNameTest" time="14.438"/>
  <testcase classname="com.qa.tests.HomePageTest" name="verifyAddtoBagLinkTest" time="33.643"/>
</testsuite> <!-- Test -->
