<?xml version="1.0" encoding="UTF-8"?>
<!-- Generated by org.testng.reporters.JUnitXMLReporter -->
<testsuite hostname="APL-PG0298XV" ignored="0" name="OLAY App Test Cases" tests="8" failures="0" timestamp="2022-05-05T23:13:42 PDT" time="668.143" errors="0">
  <testcase name="loginPageTitleTest" time="0.09" classname="com.qa.tests.LoginPageTest"/>
  <testcase name="loginTest" time="8.642" classname="com.qa.tests.LoginPageTest"/>
  <testcase name="verifyUserNameTest" time="18.556" classname="com.qa.tests.HomePageTest"/>
  <testcase name="featuredItemsSubMenu" time="115.529" classname="com.qa.tests.HomePageTest"/>
  <testcase name="OlayOffers" time="34.049" classname="com.qa.tests.HomePageTest"/>
  <testcase name="verifyAddtoBagLinkTest" time="31.391" classname="com.qa.tests.MoisturizersPageTest"/>
  <testcase name="dob" time="1.902" classname="com.qa.tests.DatePickerPageTest"/>
  <testcase name="DynamicWebTable" time="17.971" classname="com.qa.tests.DynamicwebTablePageTest"/>
</testsuite> <!-- OLAY App Test Cases -->
