<?xml version="1.0" encoding="UTF-8"?>
<testng-results skipped="0" failed="0" ignored="0" total="1" passed="1">
  <reporter-output>
  </reporter-output>
  <suite name="Default suite" duration-ms="33196" started-at="2022-05-06T21:10:28 PDT" finished-at="2022-05-06T21:11:02 PDT">
    <groups>
    </groups>
    <test name="Default test" duration-ms="33196" started-at="2022-05-06T21:10:28 PDT" finished-at="2022-05-06T21:11:02 PDT">
      <class name="com.qa.tests.DynamicwebTablePageTest">
        <test-method status="PASS" signature="setUp()[pri:0, instance:com.qa.tests.DynamicwebTablePageTest@704d6e83]" name="setUp" is-config="true" duration-ms="26835" started-at="2022-05-06T21:10:29 PDT" finished-at="2022-05-06T21:10:55 PDT">
          <reporter-output>
          </reporter-output>
        </test-method> <!-- setUp -->
        <test-method status="PASS" signature="DynamicWebTable()[pri:1, instance:com.qa.tests.DynamicwebTablePageTest@704d6e83]" name="DynamicWebTable" duration-ms="5238" started-at="2022-05-06T21:10:55 PDT" finished-at="2022-05-06T21:11:01 PDT">
          <reporter-output>
          </reporter-output>
        </test-method> <!-- DynamicWebTable -->
        <test-method status="PASS" signature="tearDown()[pri:0, instance:com.qa.tests.DynamicwebTablePageTest@704d6e83]" name="tearDown" is-config="true" duration-ms="1068" started-at="2022-05-06T21:11:01 PDT" finished-at="2022-05-06T21:11:02 PDT">
          <reporter-output>
          </reporter-output>
        </test-method> <!-- tearDown -->
      </class> <!-- com.qa.tests.DynamicwebTablePageTest -->
    </test> <!-- Default test -->
  </suite> <!-- Default suite -->
</testng-results>
